#
# There is insufficient memory for the Java Runtime Environment to continue.
# Native memory allocation (malloc) failed to allocate 742256 bytes for Chunk::new
# Possible reasons:
#   The system is out of physical RAM or swap space
#   The process is running with CompressedOops enabled, and the Java Heap may be blocking the growth of the native heap
# Possible solutions:
#   Reduce memory load on the system
#   Increase physical memory or swap space
#   Check if swap backing store is full
#   Decrease Java heap size (-Xmx/-Xms)
#   Decrease number of Java threads
#   Decrease Java thread stack sizes (-Xss)
#   Set larger code cache with -XX:ReservedCodeCacheSize=
#   JVM is running with Unscaled Compressed Oops mode in which the Java heap is
#     placed in the first 4GB address space. The Java Heap base address is the
#     maximum limit for the native heap growth. Please use -XX:HeapBaseMinAddress
#     to set the Java Heap base and to place the Java Heap above 4GB virtual address.
# This output file may be truncated or incomplete.
#
#  Out of Memory Error (arena.cpp:184), pid=16004, tid=1936
#
# JRE version: OpenJDK Runtime Environment (18.0.2.1+1) (build 18.0.2.1+1-1)
# Java VM: OpenJDK 64-Bit Server VM (18.0.2.1+1-1, mixed mode, sharing, tiered, compressed oops, compressed class ptrs, g1 gc, windows-amd64)
# No core dump will be written. Minidumps are not enabled by default on client versions of Windows
#

---------------  S U M M A R Y ------------

Command Line: -javaagent:C:\Program Files\JetBrains\IntelliJ IDEA Community Edition 2022.3.1\lib\idea_rt.jar=50136:C:\Program Files\JetBrains\IntelliJ IDEA Community Edition 2022.3.1\bin -Dfile.encoding=UTF-8 -Dsun.stdout.encoding=UTF-8 -Dsun.stderr.encoding=UTF-8 stackx.cookbook.api.CookbookApplication

Host: Intel(R) Core(TM) i5-5200U CPU @ 2.20GHz, 4 cores, 7G,  Windows 10 , 64 bit Build 19041 (10.0.19041.2364)
Time: Sat Jan  7 08:06:18 2023 Hora oficial do Brasil elapsed time: 46.982636 seconds (0d 0h 0m 46s)

---------------  T H R E A D  ---------------

Current thread (0x000001ef7f855130):  JavaThread "C2 CompilerThread0" daemon [_thread_in_native, id=1936, stack(0x000000747ce00000,0x000000747cf00000)]


Current CompileTask:
C2:  46982 5484       4       org.springframework.beans.factory.support.AbstractBeanFactory::isTypeMatch (619 bytes)

Stack: [0x000000747ce00000,0x000000747cf00000]
Native frames: (J=compiled Java code, j=interpreted, Vv=VM code, C=native code)
V  [jvm.dll+0x6993aa]
V  [jvm.dll+0x7f46dd]
V  [jvm.dll+0x7f5fee]
V  [jvm.dll+0x7f66a3]
V  [jvm.dll+0x25cf1f]
V  [jvm.dll+0xb8c2f]
V  [jvm.dll+0xb8fa5]
V  [jvm.dll+0x2c7e2f]
V  [jvm.dll+0x5a0d8e]
V  [jvm.dll+0x238453]
V  [jvm.dll+0x23170f]
V  [jvm.dll+0x22f3cb]
V  [jvm.dll+0x1ba01c]
V  [jvm.dll+0x23ee0a]
V  [jvm.dll+0x23d0f5]
V  [jvm.dll+0x7a6dd1]
V  [jvm.dll+0x7a120a]
V  [jvm.dll+0x698255]
C  [ucrtbase.dll+0x21bb2]
C  [KERNEL32.DLL+0x17614]
C  [ntdll.dll+0x526a1]


---------------  P R O C E S S  ---------------

Threads class SMR info:
_java_thread_list=0x000001ef0965db40, length=30, elements={
0x000001ef7f829510, 0x000001ef7f82a2b0, 0x000001ef7f844250, 0x000001ef7f845c00,
0x000001ef7f8465a0, 0x000001ef7f84ef50, 0x000001ef7f855130, 0x000001ef7f855b10,
0x000001ef7f868cc0, 0x000001ef08134670, 0x000001ef08393ce0, 0x000001ef083941a0,
0x000001ef0994af90, 0x000001ef0a6b4860, 0x000001ef09c3e550, 0x000001ef09c3d210,
0x000001ef09c3ba00, 0x000001ef09c3c3a0, 0x000001ef09c3bed0, 0x000001ef09c3b060,
0x000001ef09c3d6e0, 0x000001ef09c3b530, 0x000001ef09c3dbb0, 0x000001ef09c3e080,
0x000001ef09c3ea20, 0x000001ef09c3c870, 0x000001ef0c706890, 0x000001ef0c703870,
0x000001ef0c6ffeb0, 0x000001ef0c703d40
}

Java Threads: ( => current thread )
  0x000001ef7f829510 JavaThread "Reference Handler" daemon [_thread_blocked, id=2492, stack(0x000000747c800000,0x000000747c900000)]
  0x000001ef7f82a2b0 JavaThread "Finalizer" daemon [_thread_blocked, id=16536, stack(0x000000747c900000,0x000000747ca00000)]
  0x000001ef7f844250 JavaThread "Signal Dispatcher" daemon [_thread_blocked, id=14176, stack(0x000000747ca00000,0x000000747cb00000)]
  0x000001ef7f845c00 JavaThread "Attach Listener" daemon [_thread_blocked, id=5920, stack(0x000000747cb00000,0x000000747cc00000)]
  0x000001ef7f8465a0 JavaThread "Service Thread" daemon [_thread_blocked, id=11204, stack(0x000000747cc00000,0x000000747cd00000)]
  0x000001ef7f84ef50 JavaThread "Monitor Deflation Thread" daemon [_thread_blocked, id=13396, stack(0x000000747cd00000,0x000000747ce00000)]
=>0x000001ef7f855130 JavaThread "C2 CompilerThread0" daemon [_thread_in_native, id=1936, stack(0x000000747ce00000,0x000000747cf00000)]
  0x000001ef7f855b10 JavaThread "C1 CompilerThread0" daemon [_thread_blocked, id=4044, stack(0x000000747cf00000,0x000000747d000000)]
  0x000001ef7f868cc0 JavaThread "Sweeper thread" daemon [_thread_blocked, id=4200, stack(0x000000747d000000,0x000000747d100000)]
  0x000001ef08134670 JavaThread "Common-Cleaner" daemon [_thread_blocked, id=11532, stack(0x000000747d100000,0x000000747d200000)]
  0x000001ef08393ce0 JavaThread "Monitor Ctrl-Break" daemon [_thread_in_native, id=10668, stack(0x000000747d200000,0x000000747d300000)]
  0x000001ef083941a0 JavaThread "Notification Thread" daemon [_thread_blocked, id=10536, stack(0x000000747d300000,0x000000747d400000)]
  0x000001ef0994af90 JavaThread "Catalina-utility-1" [_thread_blocked, id=2792, stack(0x000000747da00000,0x000000747db00000)]
  0x000001ef0a6b4860 JavaThread "Catalina-utility-2" [_thread_blocked, id=3760, stack(0x000000747db00000,0x000000747dc00000)]
  0x000001ef09c3e550 JavaThread "container-0" [_thread_blocked, id=6168, stack(0x000000747dc00000,0x000000747dd00000)]
  0x000001ef09c3d210 JavaThread "mysql-cj-abandoned-connection-cleanup" daemon [_thread_blocked, id=124, stack(0x000000747dd00000,0x000000747de00000)]
  0x000001ef09c3ba00 JavaThread "HikariPool-1 housekeeper" daemon [_thread_blocked, id=16024, stack(0x000000747df00000,0x000000747e000000)]
  0x000001ef09c3c3a0 JavaThread "http-nio-8080-exec-1" daemon [_thread_in_native, id=1288, stack(0x000000747e100000,0x000000747e200000)]
  0x000001ef09c3bed0 JavaThread "http-nio-8080-exec-2" daemon [_thread_blocked, id=6644, stack(0x000000747e200000,0x000000747e300000)]
  0x000001ef09c3b060 JavaThread "http-nio-8080-exec-3" daemon [_thread_blocked, id=13228, stack(0x000000747e300000,0x000000747e400000)]
  0x000001ef09c3d6e0 JavaThread "http-nio-8080-exec-4" daemon [_thread_blocked, id=7608, stack(0x000000747e400000,0x000000747e500000)]
  0x000001ef09c3b530 JavaThread "http-nio-8080-exec-5" daemon [_thread_blocked, id=9064, stack(0x000000747e500000,0x000000747e600000)]
  0x000001ef09c3dbb0 JavaThread "http-nio-8080-exec-6" daemon [_thread_blocked, id=7412, stack(0x000000747e600000,0x000000747e700000)]
  0x000001ef09c3e080 JavaThread "http-nio-8080-exec-7" daemon [_thread_blocked, id=11012, stack(0x000000747e700000,0x000000747e800000)]
  0x000001ef09c3ea20 JavaThread "http-nio-8080-exec-8" daemon [_thread_blocked, id=10528, stack(0x000000747e800000,0x000000747e900000)]
  0x000001ef09c3c870 JavaThread "http-nio-8080-exec-9" daemon [_thread_blocked, id=3016, stack(0x000000747e900000,0x000000747ea00000)]
  0x000001ef0c706890 JavaThread "http-nio-8080-exec-10" daemon [_thread_blocked, id=9484, stack(0x000000747ea00000,0x000000747eb00000)]
  0x000001ef0c703870 JavaThread "http-nio-8080-Poller" daemon [_thread_in_native, id=1092, stack(0x000000747eb00000,0x000000747ec00000)]
  0x000001ef0c6ffeb0 JavaThread "http-nio-8080-Acceptor" daemon [_thread_in_native, id=13840, stack(0x000000747ec00000,0x000000747ed00000)]
  0x000001ef0c703d40 JavaThread "DestroyJavaVM" [_thread_blocked, id=13852, stack(0x000000747c100000,0x000000747c200000)]

Other Threads:
  0x000001ef7f824500 VMThread "VM Thread" [stack: 0x000000747c700000,0x000000747c800000] [id=9900]
  0x000001ef65eee0f0 WatcherThread "VM Periodic Task Thread" [stack: 0x000000747d400000,0x000000747d500000] [id=15072]
  0x000001ef65f4f8f0 WorkerThread "GC Thread#0" [stack: 0x000000747c200000,0x000000747c300000] [id=15592]
  0x000001ef087d0b10 WorkerThread "GC Thread#1" [stack: 0x000000747d500000,0x000000747d600000] [id=14636]
  0x000001ef087d0db0 WorkerThread "GC Thread#2" [stack: 0x000000747d600000,0x000000747d700000] [id=12100]
  0x000001ef087d1430 WorkerThread "GC Thread#3" [stack: 0x000000747d700000,0x000000747d800000] [id=15400]
  0x000001ef65f60cc0 ConcurrentGCThread "G1 Main Marker" [stack: 0x000000747c300000,0x000000747c400000] [id=11656]
  0x000001ef65f626c0 WorkerThread "G1 Conc#0" [stack: 0x000000747c400000,0x000000747c500000] [id=16012]
  0x000001ef65fa2940 ConcurrentGCThread "G1 Refine#0" [stack: 0x000000747c500000,0x000000747c600000] [id=16844]
  0x000001ef087d1050 ConcurrentGCThread "G1 Refine#1" [stack: 0x000000747d800000,0x000000747d900000] [id=14200]
  0x000001ef65fa3250 ConcurrentGCThread "G1 Service" [stack: 0x000000747c600000,0x000000747c700000] [id=11368]

Threads with active compile tasks:
C2 CompilerThread0    47045 5484       4       org.springframework.beans.factory.support.AbstractBeanFactory::isTypeMatch (619 bytes)

VM state: not at safepoint (normal execution)

VM Mutex/Monitor currently owned by a thread: None

Heap address: 0x0000000081800000, size: 2024 MB, Compressed Oops mode: 32-bit

CDS archive(s) mapped at: [0x0000000800000000-0x0000000800ba0000-0x0000000800ba0000), size 12189696, SharedBaseAddress: 0x0000000800000000, ArchiveRelocationMode: 0.
Compressed class space mapped at: 0x0000000800c00000-0x0000000840c00000, reserved size: 1073741824
Narrow klass base: 0x0000000800000000, Narrow klass shift: 0, Narrow klass range: 0x100000000

GC Precious Log:
 CardTable entry size: 512
 Card Set container configuration: InlinePtr #cards 5 size 8 Array Of Cards #cards 12 size 40 Howl #buckets 4 coarsen threshold 1843 Howl Bitmap #cards 512 size 80 coarsen threshold 460 Card regions per heap region 1 cards per card region 2048
 CPUs: 4 total, 4 available
 Memory: 8094M
 Large Page Support: Disabled
 NUMA Support: Disabled
 Compressed Oops: Enabled (32-bit)
 Heap Region Size: 1M
 Heap Min Capacity: 8M
 Heap Initial Capacity: 128M
 Heap Max Capacity: 2024M
 Pre-touch: Disabled
 Parallel Workers: 4
 Concurrent Workers: 1
 Concurrent Refinement Workers: 4
 Periodic GC: Disabled

Heap:
 garbage-first heap   total 64512K, used 33108K [0x0000000081800000, 0x0000000100000000)
  region size 1024K, 12 young (12288K), 3 survivors (3072K)
 Metaspace       used 60717K, committed 61376K, reserved 1114112K
  class space    used 7991K, committed 8320K, reserved 1048576K

Heap Regions: E=young(eden), S=young(survivor), O=old, HS=humongous(starts), HC=humongous(continues), CS=collection set, F=free, OA=open archive, CA=closed archive, TAMS=top-at-mark-start (previous, next)
|   0|0x0000000081800000, 0x0000000081900000, 0x0000000081900000|100%|HS|  |TAMS 0x0000000081900000, 0x0000000081800000| Complete 
|   1|0x0000000081900000, 0x0000000081a00000, 0x0000000081a00000|100%| O|  |TAMS 0x0000000081a00000, 0x0000000081900000| Untracked 
|   2|0x0000000081a00000, 0x0000000081b00000, 0x0000000081b00000|100%| O|  |TAMS 0x0000000081b00000, 0x0000000081a00000| Untracked 
|   3|0x0000000081b00000, 0x0000000081c00000, 0x0000000081c00000|100%| O|  |TAMS 0x0000000081c00000, 0x0000000081b00000| Untracked 
|   4|0x0000000081c00000, 0x0000000081d00000, 0x0000000081d00000|100%| O|  |TAMS 0x0000000081d00000, 0x0000000081c00000| Untracked 
|   5|0x0000000081d00000, 0x0000000081e00000, 0x0000000081e00000|100%| O|  |TAMS 0x0000000081e00000, 0x0000000081d00000| Untracked 
|   6|0x0000000081e00000, 0x0000000081e89000, 0x0000000081f00000| 53%| O|  |TAMS 0x0000000081e89000, 0x0000000081e00000| Untracked 
|   7|0x0000000081f00000, 0x0000000082000000, 0x0000000082000000|100%| O|  |TAMS 0x0000000082000000, 0x0000000081f00000| Untracked 
|   8|0x0000000082000000, 0x0000000082100000, 0x0000000082100000|100%| O|  |TAMS 0x0000000082100000, 0x0000000082000000| Untracked 
|   9|0x0000000082100000, 0x0000000082200000, 0x0000000082200000|100%| O|  |TAMS 0x0000000082200000, 0x0000000082100000| Untracked 
|  10|0x0000000082200000, 0x0000000082300000, 0x0000000082300000|100%| O|  |TAMS 0x0000000082300000, 0x0000000082200000| Untracked 
|  11|0x0000000082300000, 0x0000000082400000, 0x0000000082400000|100%| O|  |TAMS 0x0000000082400000, 0x0000000082300000| Untracked 
|  12|0x0000000082400000, 0x0000000082500000, 0x0000000082500000|100%| O|  |TAMS 0x0000000082500000, 0x0000000082400000| Untracked 
|  13|0x0000000082500000, 0x0000000082600000, 0x0000000082600000|100%| O|  |TAMS 0x0000000082600000, 0x0000000082500000| Untracked 
|  14|0x0000000082600000, 0x0000000082700000, 0x0000000082700000|100%| O|  |TAMS 0x0000000082700000, 0x0000000082600000| Untracked 
|  15|0x0000000082700000, 0x0000000082800000, 0x0000000082800000|100%| O|  |TAMS 0x0000000082800000, 0x0000000082700000| Untracked 
|  16|0x0000000082800000, 0x0000000082900000, 0x0000000082900000|100%| O|  |TAMS 0x0000000082900000, 0x0000000082800000| Untracked 
|  17|0x0000000082900000, 0x0000000082a00000, 0x0000000082a00000|100%| O|  |TAMS 0x0000000082a00000, 0x0000000082900000| Untracked 
|  18|0x0000000082a00000, 0x0000000082b00000, 0x0000000082b00000|100%| O|  |TAMS 0x0000000082b00000, 0x0000000082a00000| Untracked 
|  19|0x0000000082b00000, 0x0000000082c00000, 0x0000000082c00000|100%| O|  |TAMS 0x0000000082c00000, 0x0000000082b00000| Untracked 
|  20|0x0000000082c00000, 0x0000000082d00000, 0x0000000082d00000|100%| O|  |TAMS 0x0000000082d00000, 0x0000000082c00000| Untracked 
|  21|0x0000000082d00000, 0x0000000082e00000, 0x0000000082e00000|100%| O|  |TAMS 0x0000000082e00000, 0x0000000082d00000| Untracked 
|  22|0x0000000082e00000, 0x0000000082f00000, 0x0000000082f00000|100%| O|  |TAMS 0x0000000082f00000, 0x0000000082e00000| Untracked 
|  23|0x0000000082f00000, 0x0000000082f30400, 0x0000000083000000| 18%| O|  |TAMS 0x0000000082f30400, 0x0000000082f00000| Untracked 
|  24|0x0000000083000000, 0x0000000083000000, 0x0000000083100000|  0%| F|  |TAMS 0x0000000083000000, 0x0000000083000000| Untracked 
|  25|0x0000000083100000, 0x0000000083100000, 0x0000000083200000|  0%| F|  |TAMS 0x0000000083100000, 0x0000000083100000| Untracked 
|  26|0x0000000083200000, 0x0000000083200000, 0x0000000083300000|  0%| F|  |TAMS 0x0000000083200000, 0x0000000083200000| Untracked 
|  27|0x0000000083300000, 0x0000000083300000, 0x0000000083400000|  0%| F|  |TAMS 0x0000000083300000, 0x0000000083300000| Untracked 
|  28|0x0000000083400000, 0x0000000083400000, 0x0000000083500000|  0%| F|  |TAMS 0x0000000083400000, 0x0000000083400000| Untracked 
|  29|0x0000000083500000, 0x0000000083500000, 0x0000000083600000|  0%| F|  |TAMS 0x0000000083500000, 0x0000000083500000| Untracked 
|  30|0x0000000083600000, 0x000000008369bd48, 0x0000000083700000| 60%| S|CS|TAMS 0x0000000083600000, 0x0000000083600000| Complete 
|  31|0x0000000083700000, 0x0000000083800000, 0x0000000083800000|100%| S|CS|TAMS 0x0000000083700000, 0x0000000083700000| Complete 
|  32|0x0000000083800000, 0x0000000083800000, 0x0000000083900000|  0%| F|  |TAMS 0x0000000083800000, 0x0000000083800000| Untracked 
|  33|0x0000000083900000, 0x0000000083900000, 0x0000000083a00000|  0%| F|  |TAMS 0x0000000083900000, 0x0000000083900000| Untracked 
|  34|0x0000000083a00000, 0x0000000083b00000, 0x0000000083b00000|100%| S|CS|TAMS 0x0000000083a00000, 0x0000000083a00000| Complete 
|  35|0x0000000083b00000, 0x0000000083b00000, 0x0000000083c00000|  0%| F|  |TAMS 0x0000000083b00000, 0x0000000083b00000| Untracked 
|  36|0x0000000083c00000, 0x0000000083c00000, 0x0000000083d00000|  0%| F|  |TAMS 0x0000000083c00000, 0x0000000083c00000| Untracked 
|  37|0x0000000083d00000, 0x0000000083d00000, 0x0000000083e00000|  0%| F|  |TAMS 0x0000000083d00000, 0x0000000083d00000| Untracked 
|  38|0x0000000083e00000, 0x0000000083e00000, 0x0000000083f00000|  0%| F|  |TAMS 0x0000000083e00000, 0x0000000083e00000| Untracked 
|  39|0x0000000083f00000, 0x0000000083f00000, 0x0000000084000000|  0%| F|  |TAMS 0x0000000083f00000, 0x0000000083f00000| Untracked 
|  40|0x0000000084000000, 0x0000000084000000, 0x0000000084100000|  0%| F|  |TAMS 0x0000000084000000, 0x0000000084000000| Untracked 
|  41|0x0000000084100000, 0x0000000084100000, 0x0000000084200000|  0%| F|  |TAMS 0x0000000084100000, 0x0000000084100000| Untracked 
|  42|0x0000000084200000, 0x0000000084200000, 0x0000000084300000|  0%| F|  |TAMS 0x0000000084200000, 0x0000000084200000| Untracked 
|  43|0x0000000084300000, 0x0000000084300000, 0x0000000084400000|  0%| F|  |TAMS 0x0000000084300000, 0x0000000084300000| Untracked 
|  44|0x0000000084400000, 0x0000000084400000, 0x0000000084500000|  0%| F|  |TAMS 0x0000000084400000, 0x0000000084400000| Untracked 
|  45|0x0000000084500000, 0x0000000084500000, 0x0000000084600000|  0%| F|  |TAMS 0x0000000084500000, 0x0000000084500000| Untracked 
|  46|0x0000000084600000, 0x0000000084600000, 0x0000000084700000|  0%| F|  |TAMS 0x0000000084600000, 0x0000000084600000| Untracked 
|  47|0x0000000084700000, 0x0000000084700000, 0x0000000084800000|  0%| F|  |TAMS 0x0000000084700000, 0x0000000084700000| Untracked 
|  48|0x0000000084800000, 0x0000000084800000, 0x0000000084900000|  0%| F|  |TAMS 0x0000000084800000, 0x0000000084800000| Untracked 
|  49|0x0000000084900000, 0x0000000084900000, 0x0000000084a00000|  0%| F|  |TAMS 0x0000000084900000, 0x0000000084900000| Untracked 
|  50|0x0000000084a00000, 0x0000000084a00000, 0x0000000084b00000|  0%| F|  |TAMS 0x0000000084a00000, 0x0000000084a00000| Untracked 
|  51|0x0000000084b00000, 0x0000000084b00000, 0x0000000084c00000|  0%| F|  |TAMS 0x0000000084b00000, 0x0000000084b00000| Untracked 
|  52|0x0000000084c00000, 0x0000000084c00000, 0x0000000084d00000|  0%| F|  |TAMS 0x0000000084c00000, 0x0000000084c00000| Untracked 
|  53|0x0000000084d00000, 0x0000000084d00000, 0x0000000084e00000|  0%| F|  |TAMS 0x0000000084d00000, 0x0000000084d00000| Untracked 
|  54|0x0000000084e00000, 0x0000000084e6ae08, 0x0000000084f00000| 41%| E|  |TAMS 0x0000000084e00000, 0x0000000084e00000| Complete 
|  72|0x0000000086000000, 0x0000000086100000, 0x0000000086100000|100%| E|CS|TAMS 0x0000000086000000, 0x0000000086000000| Complete 
|  73|0x0000000086100000, 0x00000000861fff90, 0x0000000086200000| 99%| E|  |TAMS 0x0000000086100000, 0x0000000086100000| Complete 
|  74|0x0000000086200000, 0x0000000086300000, 0x0000000086300000|100%| E|CS|TAMS 0x0000000086200000, 0x0000000086200000| Complete 
|  75|0x0000000086300000, 0x0000000086400000, 0x0000000086400000|100%| E|CS|TAMS 0x0000000086300000, 0x0000000086300000| Complete 
|  76|0x0000000086400000, 0x0000000086500000, 0x0000000086500000|100%| E|CS|TAMS 0x0000000086400000, 0x0000000086400000| Complete 
|  77|0x0000000086500000, 0x0000000086600000, 0x0000000086600000|100%| E|CS|TAMS 0x0000000086500000, 0x0000000086500000| Complete 
|  78|0x0000000086600000, 0x0000000086700000, 0x0000000086700000|100%| E|CS|TAMS 0x0000000086600000, 0x0000000086600000| Complete 
| 127|0x0000000089700000, 0x0000000089800000, 0x0000000089800000|100%| E|CS|TAMS 0x0000000089700000, 0x0000000089700000| Complete 

Card table byte_map: [0x000001ef7cc20000,0x000001ef7d020000] _byte_map_base: 0x000001ef7c814000

Marking Bits (Prev, Next): (CMBitMap*) 0x000001ef65f4ff30, (CMBitMap*) 0x000001ef65f4fef0
 Prev Bits: [0x000001ef00000000, 0x000001ef01fa0000)
 Next Bits: [0x000001ef7d420000, 0x000001ef7f3c0000)

Polling page: 0x000001ef63eb0000

Metaspace:

Usage:
  Non-class:     51.50 MB used.
      Class:      7.81 MB used.
       Both:     59.30 MB used.

Virtual space:
  Non-class space:       64.00 MB reserved,      51.81 MB ( 81%) committed,  1 nodes.
      Class space:        1.00 GB reserved,       8.12 MB ( <1%) committed,  1 nodes.
             Both:        1.06 GB reserved,      59.94 MB (  6%) committed. 

Chunk freelists:
   Non-Class:  3.58 MB
       Class:  3.78 MB
        Both:  7.36 MB

MaxMetaspaceSize: unlimited
CompressedClassSpaceSize: 1.00 GB
Initial GC threshold: 21.00 MB
Current GC threshold: 97.12 MB
CDS: on
MetaspaceReclaimPolicy: balanced
 - commit_granule_bytes: 65536.
 - commit_granule_words: 8192.
 - virtual_space_node_default_size: 8388608.
 - enlarge_chunks_in_place: 1.
 - new_chunks_are_fully_committed: 0.
 - uncommit_free_chunks: 1.
 - use_allocation_guard: 0.


Internal statistics:

num_allocs_failed_limit: 9.
num_arena_births: 840.
num_arena_deaths: 0.
num_vsnodes_births: 2.
num_vsnodes_deaths: 0.
num_space_committed: 959.
num_space_uncommitted: 0.
num_chunks_returned_to_freelist: 9.
num_chunks_taken_from_freelist: 2909.
num_chunk_merges: 3.
num_chunk_splits: 2112.
num_chunks_enlarged: 1671.
num_inconsistent_stats: 0.

CodeHeap 'non-profiled nmethods': size=120000Kb used=2846Kb max_used=2862Kb free=117153Kb
 bounds [0x000001ef752f0000, 0x000001ef755e0000, 0x000001ef7c820000]
CodeHeap 'profiled nmethods': size=120000Kb used=9203Kb max_used=10885Kb free=110797Kb
 bounds [0x000001ef6ddc0000, 0x000001ef6e880000, 0x000001ef752f0000]
CodeHeap 'non-nmethods': size=5760Kb used=1361Kb max_used=1417Kb free=4398Kb
 bounds [0x000001ef6d820000, 0x000001ef6da90000, 0x000001ef6ddc0000]
 total_blobs=5312 nmethods=4628 adapters=596
 compilation: enabled
              stopped_count=0, restarted_count=0
 full_count=0

Compilation events (20 events):
Event: 46.758 Thread 0x000001ef7f855130 nmethod 5474% 0x000001ef75474d10 code [0x000001ef75474f60, 0x000001ef754762f0]
Event: 46.758 Thread 0x000001ef7f855130 5478   !   4       org.springframework.beans.factory.support.DefaultSingletonBeanRegistry::getSingleton (147 bytes)
Event: 46.770 Thread 0x000001ef7f855b10 5480       3       org.springframework.core.annotation.AnnotationTypeMapping::resolveAliasTarget (395 bytes)
Event: 46.783 Thread 0x000001ef7f855b10 nmethod 5480 0x000001ef6de7f710 code [0x000001ef6de80260, 0x000001ef6de877e8]
Event: 46.783 Thread 0x000001ef7f855b10 5481       3       org.springframework.core.annotation.AnnotationTypeMapping::isCompatibleReturnType (19 bytes)
Event: 46.784 Thread 0x000001ef7f855b10 nmethod 5481 0x000001ef6e401290 code [0x000001ef6e401440, 0x000001ef6e4016c8]
Event: 46.784 Thread 0x000001ef7f855b10 5482       3       org.springframework.core.annotation.AnnotationTypeMapping::isBetterConventionAnnotationValue (42 bytes)
Event: 46.784 Thread 0x000001ef7f855b10 nmethod 5482 0x000001ef6e4e5210 code [0x000001ef6e4e53c0, 0x000001ef6e4e5638]
Event: 46.787 Thread 0x000001ef7f855130 nmethod 5478 0x000001ef75450b10 code [0x000001ef75450d80, 0x000001ef75451aa8]
Event: 46.787 Thread 0x000001ef7f855130 5475   !   4       jdk.internal.loader.BuiltinClassLoader$2::run (114 bytes)
Event: 46.800 Thread 0x000001ef7f855b10 5483   !   3       jdk.proxy1.$Proxy8::annotationType (29 bytes)
Event: 46.801 Thread 0x000001ef7f855b10 nmethod 5483 0x000001ef6e40ae90 code [0x000001ef6e40b060, 0x000001ef6e40b458]
Event: 46.816 Thread 0x000001ef7f855b10 5485       3       sun.nio.ch.IOStatus::okayToRetry (22 bytes)
Event: 46.816 Thread 0x000001ef7f855b10 nmethod 5485 0x000001ef6e0e5c90 code [0x000001ef6e0e5e20, 0x000001ef6e0e5fb8]
Event: 46.862 Thread 0x000001ef7f855b10 5486       2       java.lang.invoke.MethodType$ConcurrentWeakInternSet::add (66 bytes)
Event: 46.863 Thread 0x000001ef7f855b10 nmethod 5486 0x000001ef6e0b2710 code [0x000001ef6e0b2920, 0x000001ef6e0b2f88]
Event: 46.871 Thread 0x000001ef7f855130 nmethod 5475 0x000001ef753b8c10 code [0x000001ef753b8ec0, 0x000001ef753ba058]
Event: 46.871 Thread 0x000001ef7f855130 5484       4       org.springframework.beans.factory.support.AbstractBeanFactory::isTypeMatch (619 bytes)
Event: 46.963 Thread 0x000001ef7f855b10 5488       1       org.hibernate.internal.SessionFactoryImpl::getSessionFactoryOptions (5 bytes)
Event: 46.963 Thread 0x000001ef7f855b10 nmethod 5488 0x000001ef75450810 code [0x000001ef754509a0, 0x000001ef75450a78]

GC Heap History (20 events):
Event: 6.981 GC heap before
{Heap before GC invocations=3 (full 0):
 garbage-first heap   total 131072K, used 55653K [0x0000000081800000, 0x0000000100000000)
  region size 1024K, 49 young (50176K), 3 survivors (3072K)
 Metaspace       used 21154K, committed 21504K, reserved 1114112K
  class space    used 2577K, committed 2752K, reserved 1048576K
}
Event: 6.998 GC heap after
{Heap after GC invocations=4 (full 0):
 garbage-first heap   total 131072K, used 12983K [0x0000000081800000, 0x0000000100000000)
  region size 1024K, 7 young (7168K), 7 survivors (7168K)
 Metaspace       used 21154K, committed 21504K, reserved 1114112K
  class space    used 2577K, committed 2752K, reserved 1048576K
}
Event: 9.451 GC heap before
{Heap before GC invocations=5 (full 0):
 garbage-first heap   total 51200K, used 36535K [0x0000000081800000, 0x0000000100000000)
  region size 1024K, 30 young (30720K), 7 survivors (7168K)
 Metaspace       used 26694K, committed 27136K, reserved 1114112K
  class space    used 3304K, committed 3520K, reserved 1048576K
}
Event: 9.490 GC heap after
{Heap after GC invocations=6 (full 0):
 garbage-first heap   total 51200K, used 15784K [0x0000000081800000, 0x0000000100000000)
  region size 1024K, 3 young (3072K), 3 survivors (3072K)
 Metaspace       used 26694K, committed 27136K, reserved 1114112K
  class space    used 3304K, committed 3520K, reserved 1048576K
}
Event: 11.719 GC heap before
{Heap before GC invocations=6 (full 0):
 garbage-first heap   total 51200K, used 34216K [0x0000000081800000, 0x0000000100000000)
  region size 1024K, 22 young (22528K), 3 survivors (3072K)
 Metaspace       used 31032K, committed 31552K, reserved 1114112K
  class space    used 3963K, committed 4224K, reserved 1048576K
}
Event: 11.726 GC heap after
{Heap after GC invocations=7 (full 0):
 garbage-first heap   total 51200K, used 17276K [0x0000000081800000, 0x0000000100000000)
  region size 1024K, 2 young (2048K), 2 survivors (2048K)
 Metaspace       used 31032K, committed 31552K, reserved 1114112K
  class space    used 3963K, committed 4224K, reserved 1048576K
}
Event: 12.602 GC heap before
{Heap before GC invocations=7 (full 0):
 garbage-first heap   total 51200K, used 30588K [0x0000000081800000, 0x0000000100000000)
  region size 1024K, 16 young (16384K), 2 survivors (2048K)
 Metaspace       used 35532K, committed 35968K, reserved 1114112K
  class space    used 4512K, committed 4736K, reserved 1048576K
}
Event: 12.607 GC heap after
{Heap after GC invocations=8 (full 0):
 garbage-first heap   total 51200K, used 18546K [0x0000000081800000, 0x0000000100000000)
  region size 1024K, 3 young (3072K), 3 survivors (3072K)
 Metaspace       used 35532K, committed 35968K, reserved 1114112K
  class space    used 4512K, committed 4736K, reserved 1048576K
}
Event: 13.838 GC heap before
{Heap before GC invocations=9 (full 0):
 garbage-first heap   total 51200K, used 36978K [0x0000000081800000, 0x0000000100000000)
  region size 1024K, 22 young (22528K), 3 survivors (3072K)
 Metaspace       used 42085K, committed 42560K, reserved 1114112K
  class space    used 5311K, committed 5504K, reserved 1048576K
}
Event: 13.846 GC heap after
{Heap after GC invocations=10 (full 0):
 garbage-first heap   total 51200K, used 19891K [0x0000000081800000, 0x0000000100000000)
  region size 1024K, 3 young (3072K), 3 survivors (3072K)
 Metaspace       used 42085K, committed 42560K, reserved 1114112K
  class space    used 5311K, committed 5504K, reserved 1048576K
}
Event: 14.738 GC heap before
{Heap before GC invocations=10 (full 0):
 garbage-first heap   total 51200K, used 37299K [0x0000000081800000, 0x0000000100000000)
  region size 1024K, 21 young (21504K), 3 survivors (3072K)
 Metaspace       used 47265K, committed 47808K, reserved 1114112K
  class space    used 6061K, committed 6336K, reserved 1048576K
}
Event: 14.744 GC heap after
{Heap after GC invocations=11 (full 0):
 garbage-first heap   total 51200K, used 20952K [0x0000000081800000, 0x0000000100000000)
  region size 1024K, 3 young (3072K), 3 survivors (3072K)
 Metaspace       used 47265K, committed 47808K, reserved 1114112K
  class space    used 6061K, committed 6336K, reserved 1048576K
}
Event: 15.391 GC heap before
{Heap before GC invocations=11 (full 0):
 garbage-first heap   total 51200K, used 37336K [0x0000000081800000, 0x0000000100000000)
  region size 1024K, 20 young (20480K), 3 survivors (3072K)
 Metaspace       used 51608K, committed 52096K, reserved 1114112K
  class space    used 6778K, committed 7040K, reserved 1048576K
}
Event: 15.396 GC heap after
{Heap after GC invocations=12 (full 0):
 garbage-first heap   total 51200K, used 21899K [0x0000000081800000, 0x0000000100000000)
  region size 1024K, 3 young (3072K), 3 survivors (3072K)
 Metaspace       used 51608K, committed 52096K, reserved 1114112K
  class space    used 6778K, committed 7040K, reserved 1048576K
}
Event: 16.321 GC heap before
{Heap before GC invocations=12 (full 0):
 garbage-first heap   total 51200K, used 38283K [0x0000000081800000, 0x0000000100000000)
  region size 1024K, 20 young (20480K), 3 survivors (3072K)
 Metaspace       used 55299K, committed 55872K, reserved 1114112K
  class space    used 7260K, committed 7552K, reserved 1048576K
}
Event: 16.333 GC heap after
{Heap after GC invocations=13 (full 0):
 garbage-first heap   total 51200K, used 23358K [0x0000000081800000, 0x0000000100000000)
  region size 1024K, 3 young (3072K), 3 survivors (3072K)
 Metaspace       used 55299K, committed 55872K, reserved 1114112K
  class space    used 7260K, committed 7552K, reserved 1048576K
}
Event: 16.962 GC heap before
{Heap before GC invocations=13 (full 0):
 garbage-first heap   total 51200K, used 39742K [0x0000000081800000, 0x0000000100000000)
  region size 1024K, 19 young (19456K), 3 survivors (3072K)
 Metaspace       used 56307K, committed 56896K, reserved 1114112K
  class space    used 7401K, committed 7680K, reserved 1048576K
}
Event: 16.970 GC heap after
{Heap after GC invocations=14 (full 0):
 garbage-first heap   total 51200K, used 24511K [0x0000000081800000, 0x0000000100000000)
  region size 1024K, 2 young (2048K), 2 survivors (2048K)
 Metaspace       used 56307K, committed 56896K, reserved 1114112K
  class space    used 7401K, committed 7680K, reserved 1048576K
}
Event: 46.555 GC heap before
{Heap before GC invocations=14 (full 0):
 garbage-first heap   total 51200K, used 39871K [0x0000000081800000, 0x0000000100000000)
  region size 1024K, 17 young (17408K), 2 survivors (2048K)
 Metaspace       used 58540K, committed 59136K, reserved 1114112K
  class space    used 7693K, committed 8000K, reserved 1048576K
}
Event: 46.562 GC heap after
{Heap after GC invocations=15 (full 0):
 garbage-first heap   total 64512K, used 25940K [0x0000000081800000, 0x0000000100000000)
  region size 1024K, 3 young (3072K), 3 survivors (3072K)
 Metaspace       used 58540K, committed 59136K, reserved 1114112K
  class space    used 7693K, committed 8000K, reserved 1048576K
}

Deoptimization events (20 events):
Event: 46.747 Thread 0x000001ef09c3c3a0 Uncommon trap: trap_request=0xffffffc6 fr.pc=0x000001ef75515800 relative=0x0000000000000aa0
Event: 46.747 Thread 0x000001ef09c3c3a0 Uncommon trap: reason=bimorphic_or_optimized_type_check action=maybe_recompile pc=0x000001ef75515800 method=java.util.regex.Pattern$Branch.match(Ljava/util/regex/Matcher;ILjava/lang/CharSequence;)Z @ 50 c2
Event: 46.747 Thread 0x000001ef09c3c3a0 DEOPT PACKING pc=0x000001ef75515800 sp=0x000000747e1fcfd0
Event: 46.747 Thread 0x000001ef09c3c3a0 DEOPT UNPACKING pc=0x000001ef6d8723a3 sp=0x000000747e1fcff0 mode 2
Event: 46.769 Thread 0x000001ef09c3c3a0 Uncommon trap: trap_request=0xffffffde fr.pc=0x000001ef755c02bc relative=0x000000000000403c
Event: 46.769 Thread 0x000001ef09c3c3a0 Uncommon trap: reason=class_check action=maybe_recompile pc=0x000001ef755c02bc method=org.springframework.core.annotation.AnnotationsScanner.processMethodHierarchy(Ljava/lang/Object;[ILjava/lang/Class;Lorg/springframework/core/annotation/AnnotationsProces
Event: 46.769 Thread 0x000001ef09c3c3a0 DEOPT PACKING pc=0x000001ef755c02bc sp=0x000000747e1fcf60
Event: 46.769 Thread 0x000001ef09c3c3a0 DEOPT UNPACKING pc=0x000001ef6d8723a3 sp=0x000000747e1fcf78 mode 2
Event: 46.796 Thread 0x000001ef09c3c3a0 Uncommon trap: trap_request=0xffffff45 fr.pc=0x000001ef7553e614 relative=0x0000000000000374
Event: 46.796 Thread 0x000001ef09c3c3a0 Uncommon trap: reason=unstable_if action=reinterpret pc=0x000001ef7553e614 method=java.util.HashMap.getNode(Ljava/lang/Object;)Ljava/util/HashMap$Node; @ 66 c2
Event: 46.796 Thread 0x000001ef09c3c3a0 DEOPT PACKING pc=0x000001ef7553e614 sp=0x000000747e1fcf80
Event: 46.796 Thread 0x000001ef09c3c3a0 DEOPT UNPACKING pc=0x000001ef6d8723a3 sp=0x000000747e1fce30 mode 2
Event: 46.800 Thread 0x000001ef09c3c3a0 Uncommon trap: trap_request=0xffffff66 fr.pc=0x000001ef75501f50 relative=0x0000000000001190
Event: 46.800 Thread 0x000001ef09c3c3a0 Uncommon trap: reason=speculate_class_check action=maybe_recompile pc=0x000001ef75501f50 method=org.springframework.transaction.interceptor.AbstractFallbackTransactionAttributeSource.getTransactionAttribute(Ljava/lang/reflect/Method;Ljava/lang/Class;)Lorg
Event: 46.800 Thread 0x000001ef09c3c3a0 DEOPT PACKING pc=0x000001ef75501f50 sp=0x000000747e1fcc60
Event: 46.800 Thread 0x000001ef09c3c3a0 DEOPT UNPACKING pc=0x000001ef6d8723a3 sp=0x000000747e1fcc48 mode 2
Event: 46.801 Thread 0x000001ef09c3c3a0 Uncommon trap: trap_request=0xffffffde fr.pc=0x000001ef7550d7b0 relative=0x0000000000001290
Event: 46.801 Thread 0x000001ef09c3c3a0 Uncommon trap: reason=class_check action=maybe_recompile pc=0x000001ef7550d7b0 method=org.springframework.core.annotation.AnnotatedElementUtils.getAnnotationAttributes(Lorg/springframework/core/annotation/MergedAnnotation;ZZ)Lorg/springframework/core/anno
Event: 46.801 Thread 0x000001ef09c3c3a0 DEOPT PACKING pc=0x000001ef7550d7b0 sp=0x000000747e1fcb10
Event: 46.801 Thread 0x000001ef09c3c3a0 DEOPT UNPACKING pc=0x000001ef6d8723a3 sp=0x000000747e1fc988 mode 2

Classes loaded (20 events):
Event: 46.537 Loading class java/util/concurrent/Semaphore$Sync done
Event: 46.537 Loading class java/util/concurrent/Semaphore$NonfairSync done
Event: 46.537 Loading class sun/nio/ch/SocketAdaptor
Event: 46.538 Loading class sun/nio/ch/SocketAdaptor done
Event: 46.539 Loading class sun/nio/ch/SelectionKeyImpl
Event: 46.540 Loading class java/nio/channels/spi/AbstractSelectionKey
Event: 46.540 Loading class java/nio/channels/SelectionKey
Event: 46.540 Loading class java/nio/channels/SelectionKey done
Event: 46.540 Loading class java/nio/channels/spi/AbstractSelectionKey done
Event: 46.540 Loading class sun/nio/ch/SelectionKeyImpl done
Event: 46.540 Loading class java/lang/invoke/ConstantBootstraps
Event: 46.540 Loading class java/lang/invoke/ConstantBootstraps done
Event: 46.624 Loading class sun/nio/cs/ThreadLocalCoders
Event: 46.624 Loading class sun/nio/cs/ThreadLocalCoders done
Event: 46.624 Loading class sun/nio/cs/ThreadLocalCoders$1
Event: 46.624 Loading class sun/nio/cs/ThreadLocalCoders$Cache
Event: 46.624 Loading class sun/nio/cs/ThreadLocalCoders$Cache done
Event: 46.624 Loading class sun/nio/cs/ThreadLocalCoders$1 done
Event: 46.624 Loading class sun/nio/cs/ThreadLocalCoders$2
Event: 46.624 Loading class sun/nio/cs/ThreadLocalCoders$2 done

Classes unloaded (0 events):
No events

Classes redefined (0 events):
No events

Internal exceptions (20 events):
Event: 15.366 Thread 0x000001ef65eed150 Exception <a 'java/lang/NoSuchMethodError'{0x0000000083aff4c8}: 'void java.lang.invoke.DirectMethodHandle$Holder.invokeInterface(java.lang.Object, java.lang.Object)'> (0x0000000083aff4c8) 
thrown [s\open\src\hotspot\share\interpreter\linkResolver.cpp, line 759]
Event: 15.538 Thread 0x000001ef65eed150 Exception <a 'java/lang/NoSuchMethodError'{0x00000000865cb490}: 'java.lang.Object java.lang.invoke.DirectMethodHandle$Holder.invokeSpecial(java.lang.Object, java.lang.Object, int, java.lang.Object, int)'> (0x00000000865cb490) 
thrown [s\open\src\hotspot\share\interpreter\linkResolver.cpp, line 759]
Event: 15.629 Thread 0x000001ef65eed150 Exception <a 'java/lang/NoSuchMethodError'{0x00000000863a84e8}: 'void java.lang.invoke.Invokers$Holder.invokeExact_MT(java.lang.Object, java.lang.Object, java.lang.Object, java.lang.Object)'> (0x00000000863a84e8) 
thrown [s\open\src\hotspot\share\interpreter\linkResolver.cpp, line 759]
Event: 15.657 Thread 0x000001ef65eed150 Implicit null exception at 0x000001ef7558f5c3 to 0x000001ef7558f7dc
Event: 15.733 Thread 0x000001ef65eed150 Exception <a 'java/lang/IncompatibleClassChangeError'{0x000000008411a5a8}: Found class java.lang.Object, but interface was expected> (0x000000008411a5a8) 
thrown [s\open\src\hotspot\share\interpreter\linkResolver.cpp, line 826]
Event: 15.848 Thread 0x000001ef65eed150 Exception <a 'java/lang/IncompatibleClassChangeError'{0x00000000840759a0}: Found class java.lang.Object, but interface was expected> (0x00000000840759a0) 
thrown [s\open\src\hotspot\share\interpreter\linkResolver.cpp, line 826]
Event: 16.274 Thread 0x000001ef65eed150 Exception <a 'java/lang/IncompatibleClassChangeError'{0x000000008392f9b8}: Found class java.lang.Object, but interface was expected> (0x000000008392f9b8) 
thrown [s\open\src\hotspot\share\interpreter\linkResolver.cpp, line 826]
Event: 16.610 Thread 0x000001ef65eed150 Exception <a 'java/lang/NoSuchMethodError'{0x0000000083f5a510}: 'java.lang.Object java.lang.invoke.DirectMethodHandle$Holder.newInvokeSpecial(java.lang.Object, java.lang.Object, java.lang.Object, java.lang.Object, java.lang.Object, java.lang.Object, java.lang.Object, java.lang.Object)'> (0x0000000083f5a510) 
thrown [s\open\src\hotspot\share\interpreter\linkResolver.cpp, line 759]
Event: 16.934 Thread 0x000001ef65eed150 Exception <a 'java/lang/IncompatibleClassChangeError'{0x0000000083bf9530}: Found class java.lang.Object, but interface was expected> (0x0000000083bf9530) 
thrown [s\open\src\hotspot\share\interpreter\linkResolver.cpp, line 826]
Event: 17.039 Thread 0x000001ef65eed150 Exception <a 'java/lang/NoSuchMethodError'{0x00000000897ed198}: 'void java.lang.invoke.DirectMethodHandle$Holder.invokeVirtual(java.lang.Object, java.lang.Object, long)'> (0x00000000897ed198) 
thrown [s\open\src\hotspot\share\interpreter\linkResolver.cpp, line 759]
Event: 17.290 Thread 0x000001ef65eed150 Exception <a 'java/lang/IncompatibleClassChangeError'{0x0000000086164438}: Found class java.lang.Object, but interface was expected> (0x0000000086164438) 
thrown [s\open\src\hotspot\share\interpreter\linkResolver.cpp, line 826]
Event: 17.379 Thread 0x000001ef65eed150 Exception <a 'java/lang/NoSuchMethodError'{0x00000000860eb350}: 'int java.lang.invoke.DirectMethodHandle$Holder.invokeStaticInit(java.lang.Object, java.lang.Object, java.lang.Object, java.lang.Object)'> (0x00000000860eb350) 
thrown [s\open\src\hotspot\share\interpreter\linkResolver.cpp, line 759]
Event: 17.474 Thread 0x000001ef65eed150 Implicit null exception at 0x000001ef753ed75a to 0x000001ef753ed990
Event: 17.581 Thread 0x000001ef65eed150 Exception <a 'java/lang/NoSuchMethodError'{0x0000000083d31320}: 'java.lang.Object java.lang.invoke.DirectMethodHandle$Holder.newInvokeSpecial(java.lang.Object, java.lang.Object, int, java.lang.Object, java.lang.Object)'> (0x0000000083d31320) 
thrown [s\open\src\hotspot\share\interpreter\linkResolver.cpp, line 759]
Event: 17.583 Thread 0x000001ef65eed150 Exception <a 'java/lang/NoSuchMethodError'{0x0000000083d3c6b8}: 'java.lang.Object java.lang.invoke.DirectMethodHandle$Holder.invokeSpecial(java.lang.Object, java.lang.Object, int, java.lang.Object, int, java.lang.Object)'> (0x0000000083d3c6b8) 
thrown [s\open\src\hotspot\share\interpreter\linkResolver.cpp, line 759]
Event: 17.585 Thread 0x000001ef65eed150 Exception <a 'java/lang/NoSuchMethodError'{0x0000000083d44430}: 'java.lang.Object java.lang.invoke.DirectMethodHandle$Holder.newInvokeSpecial(java.lang.Object, java.lang.Object, int, java.lang.Object, int)'> (0x0000000083d44430) 
thrown [s\open\src\hotspot\share\interpreter\linkResolver.cpp, line 759]
Event: 17.585 Thread 0x000001ef65eed150 Exception <a 'java/lang/NoSuchMethodError'{0x0000000083d48538}: 'java.lang.Object java.lang.invoke.DirectMethodHandle$Holder.invokeSpecial(java.lang.Object, java.lang.Object, java.lang.Object, int, java.lang.Object, int)'> (0x0000000083d48538) 
thrown [s\open\src\hotspot\share\interpreter\linkResolver.cpp, line 759]
Event: 46.617 Thread 0x000001ef09c3c3a0 Exception <a 'java/lang/NoSuchMethodError'{0x000000008661b098}: 'java.lang.Object java.lang.invoke.DirectMethodHandle$Holder.invokeSpecial(java.lang.Object, java.lang.Object, java.lang.Object, java.lang.Object, java.lang.Object, long)'> (0x000000008661b098) 
thrown [s\open\src\hotspot\share\interpreter\linkResolver.cpp, line 759]
Event: 46.618 Thread 0x000001ef09c3c3a0 Exception <a 'java/lang/NoSuchMethodError'{0x000000008661eae0}: 'java.lang.Object java.lang.invoke.Invokers$Holder.linkToTargetMethod(java.lang.Object, java.lang.Object, java.lang.Object, long, java.lang.Object)'> (0x000000008661eae0) 
thrown [s\open\src\hotspot\share\interpreter\linkResolver.cpp, line 759]
Event: 46.964 Thread 0x000001ef09c3c3a0 Exception <a 'java/lang/NoSuchMethodError'{0x000000008616cc58}: 'java.lang.Object java.lang.invoke.DirectMethodHandle$Holder.invokeInterface(java.lang.Object, java.lang.Object, java.lang.Object, java.lang.Object)'> (0x000000008616cc58) 
thrown [s\open\src\hotspot\share\interpreter\linkResolver.cpp, line 759]

VM Operations (20 events):
Event: 17.074 Executing VM operation: HandshakeAllThreads
Event: 17.074 Executing VM operation: HandshakeAllThreads done
Event: 17.244 Executing VM operation: HandshakeAllThreads
Event: 17.245 Executing VM operation: HandshakeAllThreads done
Event: 17.572 Executing VM operation: ICBufferFull
Event: 17.572 Executing VM operation: ICBufferFull done
Event: 18.578 Executing VM operation: Cleanup
Event: 18.578 Executing VM operation: Cleanup done
Event: 24.630 Executing VM operation: Cleanup
Event: 24.630 Executing VM operation: Cleanup done
Event: 41.807 Executing VM operation: Cleanup
Event: 41.808 Executing VM operation: Cleanup done
Event: 46.554 Executing VM operation: G1CollectForAllocation
Event: 46.562 Executing VM operation: G1CollectForAllocation done
Event: 46.650 Executing VM operation: G1Concurrent
Event: 46.656 Executing VM operation: G1Concurrent done
Event: 46.667 Executing VM operation: HandshakeAllThreads
Event: 46.667 Executing VM operation: HandshakeAllThreads done
Event: 46.688 Executing VM operation: G1Concurrent
Event: 46.689 Executing VM operation: G1Concurrent done

Events (20 events):
Event: 16.599 Thread 0x000001ef7f868cc0 flushing nmethod 0x000001ef6e7cff10
Event: 16.599 Thread 0x000001ef7f868cc0 flushing nmethod 0x000001ef6e7dd390
Event: 16.599 Thread 0x000001ef7f868cc0 flushing nmethod 0x000001ef6e7dde10
Event: 16.599 Thread 0x000001ef7f868cc0 flushing nmethod 0x000001ef6e7dec10
Event: 17.605 Thread 0x000001ef09c3c3a0 Thread added: 0x000001ef09c3c3a0
Event: 17.605 Thread 0x000001ef09c3bed0 Thread added: 0x000001ef09c3bed0
Event: 17.605 Thread 0x000001ef09c3b060 Thread added: 0x000001ef09c3b060
Event: 17.605 Thread 0x000001ef09c3d6e0 Thread added: 0x000001ef09c3d6e0
Event: 17.605 Thread 0x000001ef09c3b530 Thread added: 0x000001ef09c3b530
Event: 17.605 Thread 0x000001ef09c3dbb0 Thread added: 0x000001ef09c3dbb0
Event: 17.605 Thread 0x000001ef09c3e080 Thread added: 0x000001ef09c3e080
Event: 17.606 Thread 0x000001ef09c3ea20 Thread added: 0x000001ef09c3ea20
Event: 17.606 Thread 0x000001ef09c3c870 Thread added: 0x000001ef09c3c870
Event: 17.606 Thread 0x000001ef0c706890 Thread added: 0x000001ef0c706890
Event: 17.633 Thread 0x000001ef0c703870 Thread added: 0x000001ef0c703870
Event: 17.635 Thread 0x000001ef0c6ffeb0 Thread added: 0x000001ef0c6ffeb0
Event: 17.687 Thread 0x000001ef65eed150 Thread exited: 0x000001ef65eed150
Event: 17.688 Thread 0x000001ef0c703d40 Thread added: 0x000001ef0c703d40
Event: 19.059 Thread 0x000001ef09c3cd40 Thread exited: 0x000001ef09c3cd40
Event: 22.651 Thread 0x000001ef0a61b8b0 Thread exited: 0x000001ef0a61b8b0


Dynamic libraries:
0x00007ff7a8960000 - 0x00007ff7a896e000 	C:\Users\Diogo\.jdks\openjdk-18.0.2.1\bin\java.exe
0x00007ffa79d30000 - 0x00007ffa79f28000 	C:\WINDOWS\SYSTEM32\ntdll.dll
0x00007ffa79ad0000 - 0x00007ffa79b8f000 	C:\WINDOWS\System32\KERNEL32.DLL
0x00007ffa77780000 - 0x00007ffa77a52000 	C:\WINDOWS\System32\KERNELBASE.dll
0x00007ffa77bd0000 - 0x00007ffa77cd0000 	C:\WINDOWS\System32\ucrtbase.dll
0x00007ffa726b0000 - 0x00007ffa726c7000 	C:\Users\Diogo\.jdks\openjdk-18.0.2.1\bin\jli.dll
0x00007ffa71f10000 - 0x00007ffa71f2a000 	C:\Users\Diogo\.jdks\openjdk-18.0.2.1\bin\VCRUNTIME140.dll
0x00007ffa78d00000 - 0x00007ffa78ea1000 	C:\WINDOWS\System32\USER32.dll
0x00007ffa77b10000 - 0x00007ffa77b32000 	C:\WINDOWS\System32\win32u.dll
0x00007ffa65220000 - 0x00007ffa654ba000 	C:\WINDOWS\WinSxS\amd64_microsoft.windows.common-controls_6595b64144ccf1df_6.0.19041.1110_none_60b5254171f9507e\COMCTL32.dll
0x00007ffa780f0000 - 0x00007ffa7811b000 	C:\WINDOWS\System32\GDI32.dll
0x00007ffa793d0000 - 0x00007ffa7946e000 	C:\WINDOWS\System32\msvcrt.dll
0x00007ffa77420000 - 0x00007ffa7752f000 	C:\WINDOWS\System32\gdi32full.dll
0x00007ffa77cd0000 - 0x00007ffa77d6d000 	C:\WINDOWS\System32\msvcp_win.dll
0x00007ffa79a90000 - 0x00007ffa79ac2000 	C:\WINDOWS\System32\IMM32.DLL
0x00007ffa729b0000 - 0x00007ffa729bc000 	C:\Users\Diogo\.jdks\openjdk-18.0.2.1\bin\vcruntime140_1.dll
0x00007ffa51330000 - 0x00007ffa513bd000 	C:\Users\Diogo\.jdks\openjdk-18.0.2.1\bin\msvcp140.dll
0x00007ffa2b4e0000 - 0x00007ffa2c0f1000 	C:\Users\Diogo\.jdks\openjdk-18.0.2.1\bin\server\jvm.dll
0x00007ffa79c40000 - 0x00007ffa79cee000 	C:\WINDOWS\System32\ADVAPI32.dll
0x00007ffa78b20000 - 0x00007ffa78bbc000 	C:\WINDOWS\System32\sechost.dll
0x00007ffa78eb0000 - 0x00007ffa78fd5000 	C:\WINDOWS\System32\RPCRT4.dll
0x00007ffa78c90000 - 0x00007ffa78c98000 	C:\WINDOWS\System32\PSAPI.DLL
0x00007ffa62ae0000 - 0x00007ffa62ae9000 	C:\WINDOWS\SYSTEM32\WSOCK32.dll
0x00007ffa67430000 - 0x00007ffa67457000 	C:\WINDOWS\SYSTEM32\WINMM.dll
0x00007ffa79150000 - 0x00007ffa791bb000 	C:\WINDOWS\System32\WS2_32.dll
0x00007ffa701c0000 - 0x00007ffa701ca000 	C:\WINDOWS\SYSTEM32\VERSION.dll
0x00007ffa75cc0000 - 0x00007ffa75cd2000 	C:\WINDOWS\SYSTEM32\kernel.appcore.dll
0x00007ffa72760000 - 0x00007ffa7276a000 	C:\Users\Diogo\.jdks\openjdk-18.0.2.1\bin\jimage.dll
0x00007ffa75980000 - 0x00007ffa75b64000 	C:\WINDOWS\SYSTEM32\DBGHELP.DLL
0x00007ffa61bb0000 - 0x00007ffa61be5000 	C:\WINDOWS\SYSTEM32\dbgcore.DLL
0x00007ffa77b40000 - 0x00007ffa77bc2000 	C:\WINDOWS\System32\bcryptPrimitives.dll
0x00007ffa72740000 - 0x00007ffa7274e000 	C:\Users\Diogo\.jdks\openjdk-18.0.2.1\bin\instrument.dll
0x00007ffa65fd0000 - 0x00007ffa65ff5000 	C:\Users\Diogo\.jdks\openjdk-18.0.2.1\bin\java.dll
0x00007ffa511a0000 - 0x00007ffa51276000 	C:\Users\Diogo\.jdks\openjdk-18.0.2.1\bin\jsvml.dll
0x00007ffa783d0000 - 0x00007ffa78b14000 	C:\WINDOWS\System32\SHELL32.dll
0x00007ffa75110000 - 0x00007ffa758a2000 	C:\WINDOWS\SYSTEM32\windows.storage.dll
0x00007ffa77d90000 - 0x00007ffa780e5000 	C:\WINDOWS\System32\combase.dll
0x00007ffa76da0000 - 0x00007ffa76dd0000 	C:\WINDOWS\SYSTEM32\Wldp.dll
0x00007ffa79b90000 - 0x00007ffa79c3d000 	C:\WINDOWS\System32\SHCORE.dll
0x00007ffa790f0000 - 0x00007ffa79145000 	C:\WINDOWS\System32\shlwapi.dll
0x00007ffa77360000 - 0x00007ffa7737f000 	C:\WINDOWS\SYSTEM32\profapi.dll
0x00007ffa65920000 - 0x00007ffa65938000 	C:\Users\Diogo\.jdks\openjdk-18.0.2.1\bin\zip.dll
0x00007ffa71cc0000 - 0x00007ffa71cd3000 	C:\Users\Diogo\.jdks\openjdk-18.0.2.1\bin\net.dll
0x00007ffa6e810000 - 0x00007ffa6e91c000 	C:\WINDOWS\SYSTEM32\WINHTTP.dll
0x00007ffa76b00000 - 0x00007ffa76b6a000 	C:\WINDOWS\system32\mswsock.dll
0x00007ffa6e370000 - 0x00007ffa6e386000 	C:\Users\Diogo\.jdks\openjdk-18.0.2.1\bin\nio.dll
0x00007ffa65780000 - 0x00007ffa6579a000 	C:\Program Files\JetBrains\IntelliJ IDEA Community Edition 2022.3.1\bin\breakgen64.dll
0x00007ffa72660000 - 0x00007ffa72670000 	C:\Users\Diogo\.jdks\openjdk-18.0.2.1\bin\verify.dll
0x00007ffa76d00000 - 0x00007ffa76d18000 	C:\WINDOWS\SYSTEM32\CRYPTSP.dll
0x00007ffa76420000 - 0x00007ffa76454000 	C:\WINDOWS\system32\rsaenh.dll
0x00007ffa77530000 - 0x00007ffa77557000 	C:\WINDOWS\System32\bcrypt.dll
0x00007ffa77320000 - 0x00007ffa7734e000 	C:\WINDOWS\SYSTEM32\USERENV.dll
0x00007ffa76cf0000 - 0x00007ffa76cfc000 	C:\WINDOWS\SYSTEM32\CRYPTBASE.dll
0x00007ffa767f0000 - 0x00007ffa7682b000 	C:\WINDOWS\SYSTEM32\IPHLPAPI.DLL
0x00007ffa77d70000 - 0x00007ffa77d78000 	C:\WINDOWS\System32\NSI.dll
0x00007ffa6f760000 - 0x00007ffa6f777000 	C:\WINDOWS\SYSTEM32\dhcpcsvc6.DLL
0x00007ffa701d0000 - 0x00007ffa701ed000 	C:\WINDOWS\SYSTEM32\dhcpcsvc.DLL
0x00007ffa76830000 - 0x00007ffa768fa000 	C:\WINDOWS\SYSTEM32\DNSAPI.dll
0x00007ffa65fc0000 - 0x00007ffa65fce000 	C:\Users\Diogo\.jdks\openjdk-18.0.2.1\bin\sunmscapi.dll
0x00007ffa77620000 - 0x00007ffa77776000 	C:\WINDOWS\System32\CRYPT32.dll
0x00007ffa76e10000 - 0x00007ffa76e37000 	C:\WINDOWS\SYSTEM32\ncrypt.dll
0x00007ffa76dd0000 - 0x00007ffa76e0b000 	C:\WINDOWS\SYSTEM32\NTASN1.dll
0x00007ffa6fd50000 - 0x00007ffa6fd59000 	C:\Users\Diogo\.jdks\openjdk-18.0.2.1\bin\management.dll
0x00007ffa6fd00000 - 0x00007ffa6fd0b000 	C:\Users\Diogo\.jdks\openjdk-18.0.2.1\bin\management_ext.dll
0x00007ffa6e570000 - 0x00007ffa6e57a000 	C:\Windows\System32\rasadhlp.dll
0x00007ffa67540000 - 0x00007ffa675c0000 	C:\WINDOWS\System32\fwpuclnt.dll

dbghelp: loaded successfully - version: 4.0.5 - missing functions: none
symbol engine: initialized successfully - sym options: 0x614 - pdb path: .;C:\Users\Diogo\.jdks\openjdk-18.0.2.1\bin;C:\WINDOWS\SYSTEM32;C:\WINDOWS\WinSxS\amd64_microsoft.windows.common-controls_6595b64144ccf1df_6.0.19041.1110_none_60b5254171f9507e;C:\Users\Diogo\.jdks\openjdk-18.0.2.1\bin\server;C:\Program Files\JetBrains\IntelliJ IDEA Community Edition 2022.3.1\bin

VM Arguments:
jvm_args: -javaagent:C:\Program Files\JetBrains\IntelliJ IDEA Community Edition 2022.3.1\lib\idea_rt.jar=50136:C:\Program Files\JetBrains\IntelliJ IDEA Community Edition 2022.3.1\bin -Dfile.encoding=UTF-8 -Dsun.stdout.encoding=UTF-8 -Dsun.stderr.encoding=UTF-8 
java_command: stackx.cookbook.api.CookbookApplication
java_class_path (initial): C:\Develop\Workspace-Diogo\Java-Workspace\cookbook\target\classes;C:\Users\Diogo\.m2\repository\org\springframework\boot\spring-boot-starter-data-jpa\3.0.1\spring-boot-starter-data-jpa-3.0.1.jar;C:\Users\Diogo\.m2\repository\org\springframework\boot\spring-boot-starter-aop\3.0.1\spring-boot-starter-aop-3.0.1.jar;C:\Users\Diogo\.m2\repository\org\springframework\spring-aop\6.0.3\spring-aop-6.0.3.jar;C:\Users\Diogo\.m2\repository\org\aspectj\aspectjweaver\1.9.19\aspectjweaver-1.9.19.jar;C:\Users\Diogo\.m2\repository\org\springframework\boot\spring-boot-starter-jdbc\3.0.1\spring-boot-starter-jdbc-3.0.1.jar;C:\Users\Diogo\.m2\repository\com\zaxxer\HikariCP\5.0.1\HikariCP-5.0.1.jar;C:\Users\Diogo\.m2\repository\org\springframework\spring-jdbc\6.0.3\spring-jdbc-6.0.3.jar;C:\Users\Diogo\.m2\repository\org\hibernate\orm\hibernate-core\6.1.6.Final\hibernate-core-6.1.6.Final.jar;C:\Users\Diogo\.m2\repository\jakarta\persistence\jakarta.persistence-api\3.1.0\jakarta.persistence-api-3.1.0.jar;C:\Users\Diogo\.m2\repository\jakarta\transaction\jakarta.transaction-api\2.0.1\jakarta.transaction-api-2.0.1.jar;C:\Users\Diogo\.m2\repository\org\jboss\logging\jboss-logging\3.5.0.Final\jboss-logging-3.5.0.Final.jar;C:\Users\Diogo\.m2\repository\org\hibernate\common\hibernate-commons-annotations\6.0.2.Final\hibernate-commons-annotations-6.0.2.Final.jar;C:\Users\Diogo\.m2\repository\org\jboss\jandex\2.4.2.Final\jandex-2.4.2.Final.jar;C:\Users\Diogo\.m2\repository\net\bytebuddy\byte-buddy\1.12.20\byte-buddy-1.12.20.jar;C:\Users\Diogo\.m2\repository\org\glassfish\jaxb\jaxb-runtime\4.0.1\jaxb-runtime-4.0.1.jar;C:\Users\Diogo\.m2\repository\org\glassfish\jaxb\jaxb-core\4.0.1\jaxb-core-4.0.1.jar;C:\Users\Diogo\.m2\repository\org\eclipse\angus\angus-activation\1.0.0\angus-activation-1.0.0.jar;C:\Users\Diogo\.m2\repository\org\glassfish\jaxb\txw2\4.0.1\txw2-4.0.1.jar;C:\Users\Diogo\.m2\repository\com\sun\istack\istack-commons-runtime\4.1.1\istack-commons-runtime-4.1.1.jar;C:\Users\Diogo\.m2\repository\jakarta\inject\jakarta.inject-api\2.0.0\jakarta.inject-api-2.0.0.jar;C:\Users\Diogo\.m2\repository\org\antlr\antlr4-runtime\4.10.1\antlr4-runtime-4.10.1.jar;C:\Users\Diogo\.m2\repository\org\springframework\data\spring-data-jpa\3.0.0\spring-data-jpa-3.0.0.jar;C:\Users\Diogo\.m2\repository\org\springframework\data\spring-data-commons\3.0.0\spring-data-commons-3.0.0.jar;C:\Users\Diogo\.m2\repository\org\springframework\spring-orm\6.0.3\spring-orm-6.0.3.jar;C:\Users\Diogo\.m2\repository\org\springframework\spring-context\6.0.3\spring-context-6.0.3.jar;C:\Users\Diogo\.m2\repository\org\springframework\spring-tx\6.0.3\spring-tx-6.0.3.jar;C:\Users\Diogo\.m2\repository\org\springframework\spring-beans\6.0.3\spring-beans-6.0.3.jar;C:\Users\Diogo\.m2\repository\jakarta\annotation\jakarta.annotation-api\2.1.1\jakarta.annotation-api-2.1.1.jar;C:\Users\Diogo\.m2\repository\org\springframework\spring-aspects\6.0.3\spring-aspects-6.0.3.jar;C:\Users\Diogo\.m2\repository\org\springframework\boot\spring-boot-starter-web\3.0.1\spring-boot-starter-web-3.0.1.jar;C:\Users\Diogo\.m2\repository\org\springframework\boot\spring-boot-starter\3.0.1\spring-boot-starter-3.0.1.jar;C:\Users\Diogo\.m2\repository\org\springframework\boot\spring-boot\3.0.1\spring-boot-3.0.1.jar;C:\Users\Diogo\.m2\repository\org\springframework\boot\spring-boot-autoconfigure\3.0.1\spring-boot-autoconfigure-3.0.1.jar;C:\Users\Diogo\.m2\repository\org\springframework\boot\spring-boot-starter-logging\3.0.1\spring-boot-starter-logging-3.0.1.jar;C:\Users\Diogo\.m2\repository\ch\qos\logback\logback-classic\1.4.5\logback-classic-1.4.5.jar;C:\Users\Diogo\.m2\repository\ch\qos\logback\logback-core\1.4.5\logback-core-1.4.5.jar;C:\Users\Diogo\.m2\repository\org\apache\logging\log4j\log4j-to-slf4j\2.19.0\log4j-to-slf4j-2.19.0.jar;C:\Users\Diogo\.m2\repository\org\apache\logging\log4j\log4j-api\2.19.0\log4j-api-2.19.0.jar;C:\Users\Diogo\.m2\repository\org\slf4j\jul-to-slf4j\2.0.6\jul-to-slf4j-2.0.6.jar;C:\Users\Diogo\.m2\repository\org\yaml\snakeyaml\1.33\snakeyaml-1.33.jar;C:\Users\Diogo\.m2\repository\org\springframework\boot\spring-boot-starter-json\3.0.1\spring-boot-starter-json-3.0.1.jar;C:\Users\Diogo\.m2\repository\com\fasterxml\jackson\core\jackson-databind\2.14.1\jackson-databind-2.14.1.jar;C:\Users\Diogo\.m2\repository\com\fasterxml\jackson\core\jackson-core\2.14.1\jackson-core-2.14.1.jar;C:\Users\Diogo\.m2\repository\com\fasterxml\jackson\datatype\jackson-datatype-jdk8\2.14.1\jackson-datatype-jdk8-2.14.1.jar;C:\Users\Diogo\.m2\repository\com\fasterxml\jackson\datatype\jackson-datatype-jsr310\2.14.1\jackson-datatype-jsr310-2.14.1.jar;C:\Users\Diogo\.m2\repository\com\fasterxml\jackson\module\jackson-module-parameter-names\2.14.1\jackson-module-parameter-names-2.14.1.jar;C:\Users\Diogo\.m2\repository\org\springframework\boot\spring-boot-starter-tomcat\3.0.1\spring-boot-starter-tomcat-3.0.1.jar;C:\Users\Diogo\.m2\repository\org\apache\tomcat\embed\tomcat-embed-core\10.1.4\tomcat-embed-core-10.1.4.jar;C:\Users\Diogo\.m2\repository\org\apache\tomcat\embed\tomcat-embed-el\10.1.4\tomcat-embed-el-10.1.4.jar;C:\Users\Diogo\.m2\repository\org\apache\tomcat\embed\tomcat-embed-websocket\10.1.4\tomcat-embed-websocket-10.1.4.jar;C:\Users\Diogo\.m2\repository\org\springframework\spring-web\6.0.3\spring-web-6.0.3.jar;C:\Users\Diogo\.m2\repository\io\micrometer\micrometer-observation\1.10.2\micrometer-observation-1.10.2.jar;C:\Users\Diogo\.m2\repository\io\micrometer\micrometer-commons\1.10.2\micrometer-commons-1.10.2.jar;C:\Users\Diogo\.m2\repository\org\springframework\spring-webmvc\6.0.3\spring-webmvc-6.0.3.jar;C:\Users\Diogo\.m2\repository\org\springframework\spring-expression\6.0.3\spring-expression-6.0.3.jar;C:\Users\Diogo\.m2\repository\io\springfox\springfox-swagger2\3.0.0\springfox-swagger2-3.0.0.jar;C:\Users\Diogo\.m2\repository\io\springfox\springfox-spi\3.0.0\springfox-spi-3.0.0.jar;C:\Users\Diogo\.m2\repository\io\springfox\springfox-core\3.0.0\springfox-core-3.0.0.jar;C:\Users\Diogo\.m2\repository\io\springfox\springfox-schema\3.0.0\springfox-schema-3.0.0.jar;C:\Users\Diogo\.m2\repository\io\springfox\springfox-swagger-common\3.0.0\springfox-swagger-common-3.0.0.jar;C:\Users\Diogo\.m2\repository\io\swagger\core\v3\swagger-annotations\2.1.2\swagger-annotations-2.1.2.jar;C:\Users\Diogo\.m2\repository\io\springfox\springfox-spring-web\3.0.0\springfox-spring-web-3.0.0.jar;C:\Users\Diogo\.m2\repository\io\github\classgraph\classgraph\4.8.83\classgraph-4.8.83.jar;C:\Users\Diogo\.m2\repository\io\springfox\springfox-spring-webmvc\3.0.0\springfox-spring-webmvc-3.0.0.jar;C:\Users\Diogo\.m2\repository\io\springfox\springfox-spring-webflux\3.0.0\springfox-spring-webflux-3.0.0.jar;C:\Users\Diogo\.m2\repository\com\fasterxml\classmate\1.5.1\classmate-1.5.1.jar;C:\Users\Diogo\.m2\repository\org\slf4j\slf4j-api\2.0.6\slf4j-api-2.0.6.jar;C:\Users\Diogo\.m2\repository\org\springframework\plugin\spring-plugin-core\2.0.0.RELEASE\spring-plugin-core-2.0.0.RELEASE.jar;C:\Users\Diogo\.m2\repository\org\springframework\plugin\spring-plugin-metadata\2.0.0.RELEASE\spring-plugin-metadata-2.0.0.RELEASE.jar;C:\Users\Diogo\.m2\repository\io\swagger\swagger-annotations\1.5.20\swagger-annotations-1.5.20.jar;C:\Users\Diogo\.m2\repository\io\swagger\swagger-models\1.5.20\swagger-models-1.5.20.jar;C:\Users\Diogo\.m2\repository\com\fasterxml\jackson\core\jackson-annotations\2.14.1\jackson-annotations-2.14.1.jar;C:\Users\Diogo\.m2\repository\org\mapstruct\mapstruct\1.3.1.Final\mapstruct-1.3.1.Final.jar;C:\Users\Diogo\.m2\repository\io\springfox\springfox-swagger-ui\3.0.0\springfox-swagger-ui-3.0.0.jar;C:\Users\Diogo\.m2\repository\org\projectlombok\lombok\1.18.24\lombok-1.18.24.jar;C:\Users\Diogo\.m2\repository\com\mysql\mysql-connector-j\8.0.31\mysql-connector-j-8.0.31.jar;C:\Users\Diogo\.m2\repository\jakarta\xml\bind\jakarta.xml.bind-api\4.0.0\jakarta.xml.bind-api-4.0.0.jar;C:\Users\Diogo\.m2\repository\jakarta\activation\jakarta.activation-api\2.1.0\jakarta.activation-api-2.1.0.jar;C:\Users\Diogo\.m2\repository\org\springframework\spring-core\6.0.3\spring-core-6.0.3.jar;C:\Users\Diogo\.m2\repository\org\springframework\spring-jcl\6.0.3\spring-jcl-6.0.3.jar
Launcher Type: SUN_STANDARD

[Global flags]
     intx CICompilerCount                          = 3                                         {product} {ergonomic}
     uint ConcGCThreads                            = 1                                         {product} {ergonomic}
     uint G1ConcRefinementThreads                  = 4                                         {product} {ergonomic}
   size_t G1HeapRegionSize                         = 1048576                                   {product} {ergonomic}
    uintx GCDrainStackTargetSize                   = 64                                        {product} {ergonomic}
   size_t InitialHeapSize                          = 134217728                                 {product} {ergonomic}
   size_t MarkStackSize                            = 4194304                                   {product} {ergonomic}
   size_t MaxHeapSize                              = 2122317824                                {product} {ergonomic}
   size_t MaxNewSize                               = 1272971264                                {product} {ergonomic}
   size_t MinHeapDeltaBytes                        = 1048576                                   {product} {ergonomic}
   size_t MinHeapSize                              = 8388608                                   {product} {ergonomic}
    uintx NonNMethodCodeHeapSize                   = 5832780                                {pd product} {ergonomic}
    uintx NonProfiledCodeHeapSize                  = 122912730                              {pd product} {ergonomic}
    uintx ProfiledCodeHeapSize                     = 122912730                              {pd product} {ergonomic}
    uintx ReservedCodeCacheSize                    = 251658240                              {pd product} {ergonomic}
     bool SegmentedCodeCache                       = true                                      {product} {ergonomic}
   size_t SoftMaxHeapSize                          = 2122317824                             {manageable} {ergonomic}
     bool UseCompressedClassPointers               = true                           {product lp64_product} {ergonomic}
     bool UseCompressedOops                        = true                           {product lp64_product} {ergonomic}
     bool UseG1GC                                  = true                                      {product} {ergonomic}
     bool UseLargePagesIndividualAllocation        = false                                  {pd product} {ergonomic}

Logging:
Log output configuration:
 #0: stdout all=warning uptime,level,tags foldmultilines=false
 #1: stderr all=off uptime,level,tags foldmultilines=false

Environment Variables:
PATH=C:\Python310\Scripts\;C:\Python310\;C:\Windows\system32;C:\Windows;C:\Windows\System32\Wbem;C:\Windows\System32\WindowsPowerShell\v1.0\;C:\Windows\System32\OpenSSH\;C:\Program Files\dotnet\;C:\Program Files (x86)\NVIDIA Corporation\PhysX\Common;C:\Program Files\NVIDIA Corporation\NVIDIA NvDLISR;C:\WINDOWS\system32;C:\WINDOWS;C:\WINDOWS\System32\Wbem;C:\WINDOWS\System32\WindowsPowerShell\v1.0\;C:\WINDOWS\System32\OpenSSH\;C:\Develop\Tools\;C:\ProgramData\chocolatey\bin;C:\Develop\Tools\Git\cmd;C:\Program Files\MySQL\MySQL Shell 8.0\bin\;C:\Users\Diogo\AppData\Local\Microsoft\WindowsApps;;C:\Program Files\JetBrains\IntelliJ IDEA Community Edition 2022.3.1\bin;;C:\Users\Diogo\AppData\Local\Programs\Microsoft VS Code\bin;C:\Users\Diogo\AppData\Roaming\npm
USERNAME=Diogo
OS=Windows_NT
PROCESSOR_IDENTIFIER=Intel64 Family 6 Model 61 Stepping 4, GenuineIntel



---------------  S Y S T E M  ---------------

OS:
 Windows 10 , 64 bit Build 19041 (10.0.19041.2364)
OS uptime: 4 days 21:03 hours

CPU: total 4 (initial active 4) (2 cores per cpu, 2 threads per core) family 6 model 61 stepping 4 microcode 0x2d, cx8, cmov, fxsr, ht, mmx, 3dnowpref, sse, sse2, sse3, ssse3, sse4.1, sse4.2, popcnt, lzcnt, tsc, tscinvbit, avx, avx2, aes, erms, clmul, bmi1, bmi2, adx, fma, vzeroupper, clflush

Memory: 4k page, system-wide physical 8094M (918M free)
TotalPageFile size 10584M (AvailPageFile size 4M)
current process WorkingSet (physical memory assigned to process): 204M, peak: 225M
current process commit charge ("private bytes"): 252M, peak: 261M

vm_info: OpenJDK 64-Bit Server VM (18.0.2.1+1-1) for windows-amd64 JRE (18.0.2.1+1-1), built on Aug 16 2022 01:44:29 by "mach5one" with MS VC++ 16.8 / 16.9 (VS2019)

END.
